<?xml version="1.0" encoding="UTF-8"?>
<testsuite name="puzzles.day04.Day04Test" tests="3" skipped="0" failures="0" errors="0" timestamp="2022-12-04T09:31:43" hostname="Air-Daniil-2" time="0.034">
  <properties/>
  <testcase name="success parse input()" classname="puzzles.day04.Day04Test" time="0.032"/>
  <testcase name="success solve task 2 part()" classname="puzzles.day04.Day04Test" time="0.001"/>
  <testcase name="success solve task()" classname="puzzles.day04.Day04Test" time="0.0"/>
  <system-out><![CDATA[]]></system-out>
  <system-err><![CDATA[]]></system-err>
</testsuite>
