<?xml version="1.0" encoding="UTF-8"?>
<testsuite name="puzzles.1Task2PartTest" tests="1" skipped="0" failures="0" errors="0" timestamp="2022-12-01T13:18:56" hostname="Air-Daniil-2" time="0.03">
  <properties/>
  <testcase name="success find total of top 3 elf carrying calories ()" classname="puzzles.1Task2PartTest" time="0.03"/>
  <system-out><![CDATA[]]></system-out>
  <system-err><![CDATA[]]></system-err>
</testsuite>
