<?xml version="1.0" encoding="UTF-8"?>
<testsuite name="puzzles.day02.2TaskTest" tests="3" skipped="0" failures="0" errors="0" timestamp="2022-12-02T13:17:17" hostname="Air-Daniil-2" time="0.034">
  <properties/>
  <testcase name="success play()" classname="puzzles.day02.2TaskTest" time="0.023"/>
  <testcase name="success play 2 part()" classname="puzzles.day02.2TaskTest" time="0.0"/>
  <testcase name="success parse input string()" classname="puzzles.day02.2TaskTest" time="0.009"/>
  <system-out><![CDATA[]]></system-out>
  <system-err><![CDATA[]]></system-err>
</testsuite>
