<?xml version="1.0" encoding="UTF-8"?>
<testsuite name="puzzles.FirstTest" tests="2" skipped="0" failures="0" errors="0" timestamp="2022-12-01T12:54:47" hostname="Air-Daniil-2" time="0.027">
  <properties/>
  <testcase name="success find max carrying of elf calories()" classname="puzzles.FirstTest" time="0.018"/>
  <testcase name="success separate input()" classname="puzzles.FirstTest" time="0.008"/>
  <system-out><![CDATA[]]></system-out>
  <system-err><![CDATA[]]></system-err>
</testsuite>
